[24-Oct-2024 17:09:24 UTC] PHP Warning:  Array to string conversion in C:\xampp\htdocs\medit\wp-content\themes\oceanwp-child-theme-master\header.php on line 66
[25-Oct-2024 08:05:28 UTC] Automatic updates starting...
[25-Oct-2024 08:05:28 UTC] PHP Warning:  Array to string conversion in C:\xampp\htdocs\medit\wp-content\themes\oceanwp-child-theme-master\header.php on line 66
[25-Oct-2024 08:05:30 UTC] Automatic updates complete.
[25-Oct-2024 08:10:18 UTC] PHP Warning:  Array to string conversion in C:\xampp\htdocs\medit\wp-content\themes\oceanwp-child-theme-master\header.php on line 66
[25-Oct-2024 10:17:56 UTC] PHP Deprecated:  strpos(): Passing null to parameter #1 ($haystack) of type string is deprecated in C:\xampp\htdocs\medit\wp-includes\functions.php on line 7309
[25-Oct-2024 10:18:36 UTC] PHP Deprecated:  strpos(): Passing null to parameter #1 ($haystack) of type string is deprecated in C:\xampp\htdocs\medit\wp-includes\functions.php on line 7309
[25-Oct-2024 11:44:00 UTC] PHP Warning:  Array to string conversion in C:\xampp\htdocs\medit\wp-content\themes\oceanwp-child-theme-master\header.php on line 66
[25-Oct-2024 12:09:13 UTC] PHP Warning:  Array to string conversion in C:\xampp\htdocs\medit\wp-content\themes\oceanwp-child-theme-master\header.php on line 66
[25-Oct-2024 12:13:15 UTC] PHP Warning:  Array to string conversion in C:\xampp\htdocs\medit\wp-content\themes\oceanwp-child-theme-master\header.php on line 66
[25-Oct-2024 12:18:04 UTC] PHP Warning:  Array to string conversion in C:\xampp\htdocs\medit\wp-content\themes\oceanwp-child-theme-master\header.php on line 66
[25-Oct-2024 12:18:27 UTC] PHP Warning:  Array to string conversion in C:\xampp\htdocs\medit\wp-content\themes\oceanwp-child-theme-master\header.php on line 66
[25-Oct-2024 12:18:34 UTC] PHP Warning:  Array to string conversion in C:\xampp\htdocs\medit\wp-content\themes\oceanwp-child-theme-master\header.php on line 66
[25-Oct-2024 12:20:01 UTC] PHP Warning:  Array to string conversion in C:\xampp\htdocs\medit\wp-content\themes\oceanwp-child-theme-master\header.php on line 66
[25-Oct-2024 12:20:40 UTC] PHP Warning:  Array to string conversion in C:\xampp\htdocs\medit\wp-content\themes\oceanwp-child-theme-master\header.php on line 66
[25-Oct-2024 12:22:41 UTC] PHP Deprecated:  strpos(): Passing null to parameter #1 ($haystack) of type string is deprecated in C:\xampp\htdocs\medit\wp-includes\functions.php on line 7309
[25-Oct-2024 12:23:31 UTC] PHP Warning:  Array to string conversion in C:\xampp\htdocs\medit\wp-content\themes\oceanwp-child-theme-master\header.php on line 66
[25-Oct-2024 12:23:36 UTC] PHP Warning:  Array to string conversion in C:\xampp\htdocs\medit\wp-content\themes\oceanwp-child-theme-master\header.php on line 66
[25-Oct-2024 12:23:40 UTC] PHP Warning:  Array to string conversion in C:\xampp\htdocs\medit\wp-content\themes\oceanwp-child-theme-master\header.php on line 66
[25-Oct-2024 12:33:13 UTC] PHP Warning:  Array to string conversion in C:\xampp\htdocs\medit\wp-content\themes\oceanwp-child-theme-master\header.php on line 66
[25-Oct-2024 12:34:22 UTC] PHP Warning:  Array to string conversion in C:\xampp\htdocs\medit\wp-content\themes\oceanwp-child-theme-master\header.php on line 66
[25-Oct-2024 12:43:58 UTC] PHP Deprecated:  strpos(): Passing null to parameter #1 ($haystack) of type string is deprecated in C:\xampp\htdocs\medit\wp-includes\functions.php on line 7309
[25-Oct-2024 12:44:03 UTC] PHP Deprecated:  strpos(): Passing null to parameter #1 ($haystack) of type string is deprecated in C:\xampp\htdocs\medit\wp-includes\functions.php on line 7309
[25-Oct-2024 12:44:15 UTC] PHP Deprecated:  strpos(): Passing null to parameter #1 ($haystack) of type string is deprecated in C:\xampp\htdocs\medit\wp-includes\functions.php on line 7309
[25-Oct-2024 12:44:37 UTC] PHP Deprecated:  strpos(): Passing null to parameter #1 ($haystack) of type string is deprecated in C:\xampp\htdocs\medit\wp-includes\functions.php on line 7309
[25-Oct-2024 12:44:39 UTC] PHP Deprecated:  urlencode(): Passing null to parameter #1 ($string) of type string is deprecated in C:\xampp\htdocs\medit\wp-content\plugins\ocean-extra\includes\freemius\includes\class-freemius.php on line 15417
[25-Oct-2024 12:44:39 UTC] PHP Deprecated:  urlencode(): Passing null to parameter #1 ($string) of type string is deprecated in C:\xampp\htdocs\medit\wp-content\plugins\ocean-extra\includes\freemius\includes\class-freemius.php on line 15417
[25-Oct-2024 12:44:39 UTC] PHP Deprecated:  urlencode(): Passing null to parameter #1 ($string) of type string is deprecated in C:\xampp\htdocs\medit\wp-content\plugins\ocean-extra\includes\freemius\includes\class-freemius.php on line 15417
[25-Oct-2024 12:49:38 UTC] PHP Deprecated:  strpos(): Passing null to parameter #1 ($haystack) of type string is deprecated in C:\xampp\htdocs\medit\wp-includes\functions.php on line 7309
[25-Oct-2024 12:49:44 UTC] PHP Deprecated:  strpos(): Passing null to parameter #1 ($haystack) of type string is deprecated in C:\xampp\htdocs\medit\wp-includes\functions.php on line 7309
[25-Oct-2024 12:50:10 UTC] PHP Deprecated:  strpos(): Passing null to parameter #1 ($haystack) of type string is deprecated in C:\xampp\htdocs\medit\wp-includes\functions.php on line 7309
[25-Oct-2024 12:50:11 UTC] PHP Deprecated:  strpos(): Passing null to parameter #1 ($haystack) of type string is deprecated in C:\xampp\htdocs\medit\wp-includes\functions.php on line 7309
[25-Oct-2024 12:52:18 UTC] PHP Deprecated:  strpos(): Passing null to parameter #1 ($haystack) of type string is deprecated in C:\xampp\htdocs\medit\wp-includes\functions.php on line 7309
[25-Oct-2024 12:52:19 UTC] PHP Deprecated:  strpos(): Passing null to parameter #1 ($haystack) of type string is deprecated in C:\xampp\htdocs\medit\wp-includes\functions.php on line 7309
[25-Oct-2024 12:53:58 UTC] PHP Deprecated:  strpos(): Passing null to parameter #1 ($haystack) of type string is deprecated in C:\xampp\htdocs\medit\wp-includes\functions.php on line 7309
[25-Oct-2024 12:53:59 UTC] PHP Deprecated:  strpos(): Passing null to parameter #1 ($haystack) of type string is deprecated in C:\xampp\htdocs\medit\wp-includes\functions.php on line 7309
[25-Oct-2024 12:54:14 UTC] PHP Warning:  Array to string conversion in C:\xampp\htdocs\medit\wp-content\themes\oceanwp-child-theme-master\header.php on line 66
[25-Oct-2024 12:54:25 UTC] PHP Warning:  Array to string conversion in C:\xampp\htdocs\medit\wp-content\themes\oceanwp-child-theme-master\header.php on line 66
[25-Oct-2024 12:54:30 UTC] PHP Warning:  Array to string conversion in C:\xampp\htdocs\medit\wp-content\themes\oceanwp-child-theme-master\header.php on line 66
[25-Oct-2024 12:55:06 UTC] PHP Warning:  Array to string conversion in C:\xampp\htdocs\medit\wp-content\themes\oceanwp-child-theme-master\header.php on line 66
[25-Oct-2024 12:55:20 UTC] PHP Warning:  Array to string conversion in C:\xampp\htdocs\medit\wp-content\themes\oceanwp-child-theme-master\header.php on line 66
[25-Oct-2024 12:57:38 UTC] PHP Deprecated:  strpos(): Passing null to parameter #1 ($haystack) of type string is deprecated in C:\xampp\htdocs\medit\wp-includes\functions.php on line 7309
[25-Oct-2024 12:57:38 UTC] PHP Deprecated:  strpos(): Passing null to parameter #1 ($haystack) of type string is deprecated in C:\xampp\htdocs\medit\wp-includes\functions.php on line 7309
[25-Oct-2024 13:37:08 UTC] PHP Deprecated:  strpos(): Passing null to parameter #1 ($haystack) of type string is deprecated in C:\xampp\htdocs\medit\wp-includes\functions.php on line 7309
[25-Oct-2024 13:37:19 UTC] PHP Deprecated:  strpos(): Passing null to parameter #1 ($haystack) of type string is deprecated in C:\xampp\htdocs\medit\wp-includes\functions.php on line 7309
[25-Oct-2024 13:39:30 UTC] PHP Deprecated:  strpos(): Passing null to parameter #1 ($haystack) of type string is deprecated in C:\xampp\htdocs\medit\wp-includes\functions.php on line 7309
[25-Oct-2024 13:39:39 UTC] PHP Deprecated:  strpos(): Passing null to parameter #1 ($haystack) of type string is deprecated in C:\xampp\htdocs\medit\wp-includes\functions.php on line 7309
[25-Oct-2024 13:39:46 UTC] PHP Deprecated:  strpos(): Passing null to parameter #1 ($haystack) of type string is deprecated in C:\xampp\htdocs\medit\wp-includes\functions.php on line 7309
[25-Oct-2024 13:40:58 UTC] PHP Deprecated:  strpos(): Passing null to parameter #1 ($haystack) of type string is deprecated in C:\xampp\htdocs\medit\wp-includes\functions.php on line 7309
[25-Oct-2024 13:40:59 UTC] PHP Deprecated:  strpos(): Passing null to parameter #1 ($haystack) of type string is deprecated in C:\xampp\htdocs\medit\wp-includes\functions.php on line 7309
